n p=853 n=532 s=1385
mid p=1066 n=-213 s=853 l=532 r=null
mid p=1858 n=-792 s=1066 l=null r=-213
mid p=2701 n=-843 s=1858 l=-792 r=null
mid p=2875 n=-174 s=2701 l=null r=-843
n p=2158 n=-418 s=1740
mid p=2875 n=-717 s=2158 l=null r=-418
mid p=2832 n=43 s=2875 l=-174 r=-717
n p=1018 n=596 s=1614
n p=1827 n=54 s=1881
n p=2314 n=-938 s=1376
mid p=1514 n=800 s=2314 l=null r=-938
n p=1514 n=-45 s=1469
mid p=1827 n=-313 s=1514 l=800 r=-45
mid p=1018 n=809 s=1827 l=54 r=-313
mid p=1960 n=-942 s=1018 l=596 r=809
n p=2135 n=-824 s=1311
mid p=1960 n=175 s=2135 l=-824 r=null
mid p=2832 n=-872 s=1960 l=-942 r=175
mid p=2559 n=273 s=2832 l=43 r=-872
n p=2969 n=231 s=3200
mid p=2158 n=811 s=2969 l=null r=231
mid p=2799 n=-641 s=2158 l=null r=811
n p=3758 n=412 s=4170
mid p=3661 n=97 s=3758 l=412 r=null
mid p=3481 n=180 s=3661 l=97 r=null
mid p=2799 n=682 s=3481 l=180 r=null
mid p=3161 n=-362 s=2799 l=-641 r=682
n p=3535 n=-806 s=2729
n p=3026 n=-267 s=2759
mid p=3291 n=-265 s=3026 l=-267 r=null
mid p=3362 n=-71 s=3291 l=-265 r=null
mid p=3486 n=-124 s=3362 l=-71 r=null
n p=3203 n=924 s=4127
mid p=3486 n=-283 s=3203 l=924 r=null
mid p=3183 n=303 s=3486 l=-124 r=-283
n p=3183 n=-738 s=2445
mid p=3535 n=-352 s=3183 l=303 r=-738
mid p=3844 n=-309 s=3535 l=-806 r=-352
n p=3844 n=398 s=4242
mid p=3050 n=794 s=3844 l=-309 r=398
n p=2822 n=-654 s=2168
mid p=2915 n=-93 s=2822 l=null r=-654
n p=2218 n=-458 s=1760
mid p=1866 n=352 s=2218 l=null r=-458
mid p=2071 n=-205 s=1866 l=null r=352
n p=2071 n=713 s=2784
mid p=2915 n=-844 s=2071 l=-205 r=713
mid p=3594 n=-679 s=2915 l=-93 r=-844
n p=4927 n=-832 s=4095
mid p=4941 n=-14 s=4927 l=null r=-832
mid p=4057 n=884 s=4941 l=null r=-14
n p=3080 n=-904 s=2176
mid p=4057 n=-977 s=3080 l=null r=-904
mid p=3594 n=463 s=4057 l=884 r=-977
mid p=3573 n=21 s=3594 l=-679 r=463
n p=2675 n=721 s=3396
mid p=3486 n=-811 s=2675 l=null r=721
mid p=3573 n=-87 s=3486 l=-811 r=null
mid p=3050 n=523 s=3573 l=21 r=-87
mid p=3182 n=-132 s=3050 l=794 r=523
mid p=3161 n=21 s=3182 l=null r=-132
mid p=2559 n=602 s=3161 l=-362 r=21
mid p=1853 n=706 s=2559 l=273 r=602
n p=2071 n=79 s=2150
n p=2071 n=-234 s=1837
mid p=1853 n=218 s=2071 l=79 r=-234
mid p=899 n=954 s=1853 l=706 r=218
n p=-692 n=781 s=89
mid p=-323 n=-369 s=-692 l=781 r=null
mid p=-812 n=489 s=-323 l=-369 r=null
n p=79 n=731 s=810
mid p=1005 n=-926 s=79 l=null r=731
mid p=207 n=798 s=1005 l=null r=-926
mid p=68 n=139 s=207 l=798 r=null
n p=-700 n=982 s=282
mid p=-426 n=-274 s=-700 l=null r=982
mid p=-762 n=336 s=-426 l=null r=-274
mid p=68 n=-830 s=-762 l=null r=336
mid p=-812 n=880 s=68 l=139 r=-830
mid p=-427 n=-385 s=-812 l=489 r=880
mid p=139 n=-566 s=-427 l=-385 r=null
n p=-156 n=971 s=815
mid p=139 n=-295 s=-156 l=971 r=null
mid p=899 n=-760 s=139 l=-566 r=-295
mid p=1799 n=-900 s=899 l=954 r=-760
n p=627 n=981 s=1608
mid p=-133 n=760 s=627 l=null r=981
mid p=637 n=-770 s=-133 l=760 r=null
n p=650 n=-321 s=329
mid p=-302 n=952 s=650 l=null r=-321
mid p=-354 n=52 s=-302 l=952 r=null
mid p=637 n=-991 s=-354 l=null r=52
mid p=743 n=-106 s=637 l=-770 r=-991
n p=743 n=-93 s=650
mid p=1371 n=-628 s=743 l=-106 r=-93
mid p=1577 n=-206 s=1371 l=null r=-628
n p=1221 n=-774 s=447
n p=1427 n=873 s=2300
mid p=1836 n=-409 s=1427 l=873 r=null
mid p=1281 n=555 s=1836 l=-409 r=null
mid p=1221 n=60 s=1281 l=555 r=null
mid p=1920 n=-699 s=1221 l=-774 r=60
mid p=1577 n=343 s=1920 l=null r=-699
mid p=1259 n=318 s=1577 l=-206 r=343
mid p=2124 n=-865 s=1259 l=null r=318
n p=1091 n=-54 s=1037
n p=1091 n=443 s=1534
mid p=739 n=352 s=1091 l=-54 r=443
mid p=1069 n=-330 s=739 l=null r=352
mid p=1411 n=-342 s=1069 l=null r=-330
n p=69 n=302 s=371
mid p=685 n=-616 s=69 l=null r=302
n p=818 n=-304 s=514
mid p=1473 n=-655 s=818 l=-304 r=null
mid p=685 n=788 s=1473 l=-655 r=null
mid p=1582 n=-897 s=685 l=-616 r=788
n p=2119 n=-882 s=1237
mid p=1646 n=473 s=2119 l=-882 r=null
n p=2266 n=944 s=3210
mid p=1698 n=568 s=2266 l=null r=944
n p=2575 n=544 s=3119
mid p=3060 n=-485 s=2575 l=544 r=null
mid p=3374 n=-314 s=3060 l=null r=-485
mid p=3077 n=297 s=3374 l=null r=-314
mid p=2101 n=976 s=3077 l=297 r=null
mid p=2027 n=74 s=2101 l=null r=976
mid p=1698 n=329 s=2027 l=null r=74
mid p=1097 n=601 s=1698 l=568 r=329
n p=473 n=239 s=712
n p=624 n=365 s=989
mid p=-343 n=967 s=624 l=null r=365
mid p=473 n=-816 s=-343 l=null r=967
mid p=1288 n=-815 s=473 l=239 r=-816
mid p=1097 n=191 s=1288 l=-815 r=null
mid p=931 n=166 s=1097 l=601 r=191
mid p=1646 n=-715 s=931 l=166 r=null
mid p=1033 n=613 s=1646 l=473 r=-715
n p=829 n=-772 s=57
n p=1061 n=975 s=2036
n p=1204 n=-639 s=565
n p=672 n=-672 s=0
mid p=905 n=-233 s=672 l=null r=-672
n p=905 n=555 s=1460
mid p=1204 n=-299 s=905 l=-233 r=555
mid p=1061 n=143 s=1204 l=-639 r=-299
mid p=1726 n=-665 s=1061 l=975 r=143
mid p=829 n=897 s=1726 l=-665 r=null
mid p=1033 n=-204 s=829 l=-772 r=897
mid p=1582 n=-549 s=1033 l=613 r=-204
mid p=1411 n=171 s=1582 l=-897 r=-549
mid p=2124 n=-713 s=1411 l=-342 r=171
mid p=2744 n=-620 s=2124 l=-865 r=-713
n p=987 n=-114 s=873
mid p=1202 n=-215 s=987 l=null r=-114
mid p=300 n=902 s=1202 l=null r=-215
mid p=809 n=-509 s=300 l=null r=902
n p=1361 n=-53 s=1308
n p=1361 n=816 s=2177
mid p=1983 n=-622 s=1361 l=-53 r=816
n p=1848 n=-474 s=1374
mid p=1849 n=-1 s=1848 l=-474 r=null
mid p=1983 n=-134 s=1849 l=-1 r=null
mid p=1193 n=790 s=1983 l=-622 r=-134
mid p=1049 n=144 s=1193 l=790 r=null
n p=1049 n=-196 s=853
mid p=809 n=240 s=1049 l=144 r=-196
mid p=1231 n=-422 s=809 l=-509 r=240
n p=514 n=561 s=1075
mid p=713 n=-199 s=514 l=561 r=null
mid p=1324 n=-611 s=713 l=-199 r=null
mid p=1231 n=93 s=1324 l=-611 r=null
mid p=2045 n=-814 s=1231 l=-422 r=93
n p=2438 n=302 s=2740
n p=3007 n=930 s=3937
n p=2768 n=-792 s=1976
mid p=3007 n=-239 s=2768 l=-792 r=null
mid p=2438 n=569 s=3007 l=930 r=-239
mid p=2045 n=393 s=2438 l=302 r=569
mid p=2744 n=-699 s=2045 l=-814 r=393
mid p=1822 n=922 s=2744 l=-620 r=-699
n p=3045 n=-950 s=2095
n p=2502 n=-173 s=2329
mid p=3182 n=-680 s=2502 l=-173 r=null
n p=3920 n=-56 s=3864
mid p=3366 n=554 s=3920 l=-56 r=null
mid p=2489 n=877 s=3366 l=554 r=null
mid p=3182 n=-693 s=2489 l=877 r=null
mid p=3604 n=-422 s=3182 l=-680 r=-693
mid p=3045 n=559 s=3604 l=-422 r=null
mid p=2054 n=991 s=3045 l=-950 r=559
n p=4438 n=-895 s=3543
mid p=4421 n=17 s=4438 l=-895 r=null
mid p=4767 n=-346 s=4421 l=null r=17
mid p=3954 n=813 s=4767 l=-346 r=null
n p=3801 n=-303 s=3498
n p=4287 n=563 s=4850
mid p=4045 n=242 s=4287 l=null r=563
mid p=3801 n=244 s=4045 l=242 r=null
mid p=3954 n=-153 s=3801 l=-303 r=244
mid p=3652 n=302 s=3954 l=813 r=-153
n p=4746 n=-738 s=4008
n p=4746 n=222 s=4968
mid p=4236 n=510 s=4746 l=-738 r=222
n p=4941 n=900 s=5841
n p=3975 n=899 s=4874
mid p=4829 n=-854 s=3975 l=null r=899
mid p=4622 n=207 s=4829 l=null r=-854
n p=6259 n=167 s=6426
mid p=6027 n=232 s=6259 l=null r=167
mid p=5693 n=334 s=6027 l=null r=232
mid p=4967 n=726 s=5693 l=null r=334
mid p=4783 n=184 s=4967 l=726 r=null
mid p=4622 n=161 s=4783 l=null r=184
mid p=4941 n=-319 s=4622 l=207 r=161
mid p=4236 n=705 s=4941 l=900 r=-319
mid p=3652 n=584 s=4236 l=510 r=705
mid p=2923 n=729 s=3652 l=302 r=584
n p=2043 n=-627 s=1416
mid p=2775 n=-732 s=2043 l=null r=-627
n p=2784 n=-559 s=2225
n p=2185 n=750 s=2935
mid p=2784 n=-599 s=2185 l=null r=750
mid p=2761 n=23 s=2784 l=-559 r=-599
mid p=2775 n=-14 s=2761 l=null r=23
mid p=2307 n=468 s=2775 l=-732 r=-14
n p=2307 n=499 s=2806
mid p=2923 n=-616 s=2307 l=468 r=499
mid p=2054 n=869 s=2923 l=729 r=-616
mid p=1986 n=68 s=2054 l=991 r=869
n p=1195 n=-687 s=508
mid p=1382 n=-187 s=1195 l=null r=-687
mid p=1373 n=9 s=1382 l=-187 r=null
n p=424 n=143 s=567
n p=553 n=806 s=1359
mid p=424 n=129 s=553 l=806 r=null
mid p=138 n=286 s=424 l=143 r=129
n p=231 n=357 s=588
mid p=-533 n=764 s=231 l=357 r=null
mid p=138 n=-671 s=-533 l=null r=764
mid p=597 n=-459 s=138 l=286 r=-671
mid p=1042 n=-445 s=597 l=-459 r=null
n p=1572 n=-716 s=856
n p=1572 n=964 s=2536
mid p=1042 n=530 s=1572 l=-716 r=964
mid p=1009 n=33 s=1042 l=-445 r=530
n p=1282 n=73 s=1355
mid p=1009 n=273 s=1282 l=73 r=null
mid p=1373 n=-364 s=1009 l=33 r=273
mid p=1710 n=-337 s=1373 l=9 r=-364
n p=4235 n=-355 s=3880
n p=3343 n=-55 s=3288
n p=2631 n=-769 s=1862
n p=3080 n=409 s=3489
mid p=2631 n=449 s=3080 l=409 r=null
mid p=3574 n=-943 s=2631 l=-769 r=449
mid p=3343 n=231 s=3574 l=null r=-943
mid p=4235 n=-892 s=3343 l=-55 r=231
mid p=3849 n=386 s=4235 l=-355 r=-892
n p=4402 n=993 s=5395
mid p=4546 n=-144 s=4402 l=null r=993
n p=4546 n=-238 s=4308
mid p=3849 n=697 s=4546 l=-144 r=-238
mid p=3715 n=134 s=3849 l=386 r=697
n p=5031 n=433 s=5464
mid p=4499 n=532 s=5031 l=433 r=null
n p=4499 n=-890 s=3609
mid p=3715 n=784 s=4499 l=532 r=-890
mid p=2828 n=887 s=3715 l=134 r=784
mid p=2060 n=768 s=2828 l=null r=887
n p=2060 n=-937 s=1123
mid p=1710 n=350 s=2060 l=768 r=-937
mid p=2018 n=-308 s=1710 l=-337 r=350
n p=3307 n=-81 s=3226
mid p=3762 n=-455 s=3307 l=null r=-81
mid p=3826 n=-64 s=3762 l=-455 r=null
mid p=3555 n=271 s=3826 l=null r=-64
n p=3388 n=-844 s=2544
n p=3456 n=783 s=4239
mid p=3388 n=68 s=3456 l=null r=783
mid p=3555 n=-167 s=3388 l=-844 r=68
mid p=2692 n=863 s=3555 l=271 r=-167
n p=2965 n=181 s=3146
mid p=2081 n=884 s=2965 l=null r=181
mid p=2458 n=-377 s=2081 l=884 r=null
mid p=2617 n=-159 s=2458 l=-377 r=null
n p=2617 n=-964 s=1653
mid p=2654 n=-37 s=2617 l=-159 r=-964
mid p=2692 n=-38 s=2654 l=-37 r=null
mid p=2018 n=674 s=2692 l=863 r=-38
mid p=1986 n=32 s=2018 l=-308 r=674
mid p=1845 n=141 s=1986 l=68 r=32
n p=1832 n=-332 s=1500
mid p=2102 n=-270 s=1832 l=-332 r=null
n p=1016 n=212 s=1228
n p=1016 n=180 s=1196
mid p=1406 n=-390 s=1016 l=212 r=180
mid p=2102 n=-696 s=1406 l=-390 r=null
mid p=1251 n=851 s=2102 l=-270 r=-696
n p=379 n=-245 s=134
mid p=1251 n=-872 s=379 l=null r=-245
mid p=1219 n=32 s=1251 l=851 r=-872
n p=1219 n=699 s=1918
mid p=1949 n=-730 s=1219 l=32 r=699
n p=1508 n=849 s=2357
mid p=2094 n=-586 s=1508 l=849 r=null
n p=2743 n=-77 s=2666
mid p=3302 n=-559 s=2743 l=-77 r=null
n p=4529 n=245 s=4774
mid p=4149 n=380 s=4529 l=null r=245
mid p=3302 n=847 s=4149 l=null r=380
mid p=2310 n=992 s=3302 l=-559 r=847
mid p=2094 n=216 s=2310 l=null r=992
mid p=2669 n=-575 s=2094 l=-586 r=216
n p=1753 n=-630 s=1123
n p=2017 n=656 s=2673
mid p=1298 n=719 s=2017 l=656 r=null
n p=1298 n=519 s=1817
mid p=1354 n=-56 s=1298 l=719 r=519
n p=1711 n=962 s=2673
n p=1711 n=-123 s=1588
mid p=1653 n=58 s=1711 l=962 r=-123
n p=973 n=-301 s=672
n p=1882 n=-918 s=964
n p=1882 n=-413 s=1469
mid p=973 n=909 s=1882 l=-918 r=-413
mid p=1653 n=-680 s=973 l=-301 r=909
mid p=1354 n=299 s=1653 l=58 r=-680
mid p=1753 n=-399 s=1354 l=-56 r=299
mid p=2587 n=-834 s=1753 l=-630 r=-399
mid p=2669 n=-82 s=2587 l=-834 r=null
mid p=3234 n=-565 s=2669 l=-575 r=-82
n p=2485 n=-447 s=2038
n p=463 n=36 s=499
mid p=-496 n=959 s=463 l=36 r=null
mid p=77 n=-573 s=-496 l=959 r=null
mid p=621 n=-544 s=77 l=null r=-573
n p=621 n=316 s=937
mid p=1423 n=-802 s=621 l=-544 r=316
mid p=1827 n=-404 s=1423 l=null r=-802
mid p=2485 n=-658 s=1827 l=-404 r=null
mid p=3234 n=-749 s=2485 l=-447 r=-658
mid p=2612 n=622 s=3234 l=-565 r=-749
mid p=2879 n=-267 s=2612 l=null r=622
n p=3721 n=755 s=4476
mid p=4164 n=-443 s=3721 l=null r=755
n p=4371 n=-676 s=3695
mid p=4164 n=207 s=4371 l=null r=-676
mid p=3273 n=891 s=4164 l=-443 r=207
n p=3897 n=262 s=4159
n p=3968 n=-62 s=3906
n p=2278 n=-798 s=1480
mid p=2289 n=-11 s=2278 l=null r=-798
n p=2289 n=809 s=3098
mid p=2998 n=-709 s=2289 l=-11 r=809
n p=2998 n=-853 s=2145
mid p=3968 n=-970 s=2998 l=-709 r=-853
mid p=3897 n=71 s=3968 l=-62 r=-970
mid p=3182 n=715 s=3897 l=262 r=71
n p=4088 n=-980 s=3108
n p=3477 n=-190 s=3287
n p=3350 n=243 s=3593
n p=3350 n=-767 s=2583
mid p=3487 n=-137 s=3350 l=243 r=-767
mid p=3477 n=10 s=3487 l=null r=-137
mid p=3415 n=62 s=3477 l=-190 r=10
n p=3415 n=749 s=4164
mid p=4088 n=-673 s=3415 l=62 r=749
mid p=3182 n=906 s=4088 l=-980 r=-673
mid p=3273 n=-91 s=3182 l=715 r=906
mid p=2879 n=394 s=3273 l=891 r=-91
mid p=2847 n=32 s=2879 l=-267 r=394
n p=2978 n=472 s=3450
mid p=2258 n=720 s=2978 l=null r=472
mid p=2847 n=-589 s=2258 l=null r=720
mid p=1949 n=898 s=2847 l=32 r=-589
mid p=1845 n=104 s=1949 l=-730 r=898
mid p=1822 n=23 s=1845 l=141 r=104
mid p=1799 n=23 s=1822 l=922 r=23
mid p=1553 n=246 s=1799 l=-900 r=23
n p=-62 n=527 s=465
n p=-62 n=465 s=403
mid p=403 n=-465 s=-62 l=527 r=465
mid p=1396 n=-993 s=403 l=null r=-465
n p=1145 n=-933 s=212
n p=1145 n=-638 s=507
mid p=1655 n=-510 s=1145 l=-933 r=-638
mid p=1396 n=259 s=1655 l=-510 r=null
mid p=1384 n=12 s=1396 l=-993 r=259
mid p=606 n=778 s=1384 l=null r=12
n p=1218 n=-991 s=227
mid p=978 n=240 s=1218 l=null r=-991
mid p=1192 n=-214 s=978 l=null r=240
n p=854 n=482 s=1336
mid p=1820 n=-966 s=854 l=482 r=null
mid p=1015 n=805 s=1820 l=null r=-966
n p=1015 n=803 s=1818
mid p=822 n=193 s=1015 l=805 r=803
mid p=872 n=-50 s=822 l=193 r=null
mid p=940 n=-68 s=872 l=null r=-50
mid p=1192 n=-252 s=940 l=null r=-68
mid p=355 n=837 s=1192 l=-214 r=-252
mid p=1014 n=-659 s=355 l=837 r=null
n p=451 n=439 s=890
mid p=399 n=52 s=451 l=439 r=null
mid p=218 n=181 s=399 l=52 r=null
n p=218 n=606 s=824
mid p=1014 n=-796 s=218 l=181 r=606
mid p=606 n=408 s=1014 l=-659 r=-796
mid p=-307 n=913 s=606 l=778 r=408
n p=1382 n=826 s=2208
n p=1382 n=-934 s=448
mid p=675 n=707 s=1382 l=826 r=-934
mid p=328 n=347 s=675 l=707 r=null
n p=-86 n=460 s=374
mid p=-790 n=704 s=-86 l=460 r=null
mid p=-483 n=-307 s=-790 l=null r=704
mid p=-148 n=-335 s=-483 l=null r=-307
mid p=29 n=-177 s=-148 l=null r=-335
mid p=328 n=-299 s=29 l=-177 r=null
mid p=857 n=-529 s=328 l=347 r=-299
n p=-308 n=735 s=427
n p=-308 n=392 s=84
mid p=445 n=-753 s=-308 l=735 r=392
mid p=257 n=188 s=445 l=-753 r=null
n p=257 n=100 s=357
mid p=-133 n=390 s=257 l=188 r=100
mid p=634 n=-767 s=-133 l=null r=390
n p=2413 n=-746 s=1667
mid p=2139 n=274 s=2413 l=-746 r=null
n p=3126 n=152 s=3278
mid p=2139 n=987 s=3126 l=152 r=null
mid p=1432 n=707 s=2139 l=274 r=987
mid p=634 n=798 s=1432 l=707 r=null
mid p=10 n=624 s=634 l=-767 r=798
n p=10 n=540 s=550
mid p=576 n=-566 s=10 l=624 r=540
mid p=714 n=-138 s=576 l=null r=-566
n p=1692 n=-50 s=1642
mid p=714 n=978 s=1692 l=null r=-50
mid p=857 n=-143 s=714 l=-138 r=978
mid p=364 n=493 s=857 l=-529 r=-143
n p=-56 n=388 s=332
mid p=364 n=-420 s=-56 l=null r=388
mid p=-346 n=710 s=364 l=493 r=-420
mid p=-56 n=-290 s=-346 l=710 r=null
mid p=504 n=-560 s=-56 l=null r=-290
n p=1409 n=-923 s=486
n p=1409 n=-667 s=742
mid p=1058 n=351 s=1409 l=-923 r=-667
n p=67 n=438 s=505
mid p=194 n=-127 s=67 l=438 r=null
n p=194 n=906 s=1100
mid p=544 n=-350 s=194 l=-127 r=906
mid p=869 n=-325 s=544 l=null r=-350
mid p=1058 n=-189 s=869 l=null r=-325
mid p=808 n=250 s=1058 l=351 r=-189
n p=286 n=908 s=1194
mid p=391 n=-105 s=286 l=null r=908
mid p=503 n=-112 s=391 l=-105 r=null
n p=596 n=-516 s=80
mid p=1380 n=-784 s=596 l=-516 r=null
mid p=503 n=877 s=1380 l=null r=-784
mid p=808 n=-305 s=503 l=-112 r=877
mid p=504 n=304 s=808 l=250 r=-305
mid p=-307 n=811 s=504 l=-560 r=304
mid p=350 n=-657 s=-307 l=913 r=811
n p=922 n=822 s=1744
mid p=350 n=572 s=922 l=null r=822
mid p=1316 n=-966 s=350 l=-657 r=572
n p=734 n=-675 s=59
n p=-243 n=464 s=221
mid p=458 n=-701 s=-243 l=null r=464
mid p=388 n=70 s=458 l=-701 r=null
mid p=1269 n=-881 s=388 l=null r=70
n p=1269 n=-58 s=1211
mid p=734 n=535 s=1269 l=-881 r=-58
mid p=1149 n=-415 s=734 l=-675 r=535
mid p=1875 n=-726 s=1149 l=null r=-415
n p=2593 n=-781 s=1812
mid p=1875 n=718 s=2593 l=-781 r=null
mid p=1316 n=559 s=1875 l=-726 r=718
mid p=1673 n=-357 s=1316 l=-966 r=559
n p=2114 n=988 s=3102
mid p=1447 n=667 s=2114 l=988 r=null
mid p=1622 n=-175 s=1447 l=null r=667
mid p=2262 n=-640 s=1622 l=-175 r=null
n p=1423 n=-940 s=483
mid p=2262 n=-839 s=1423 l=null r=-940
mid p=1681 n=581 s=2262 l=-640 r=-839
n p=1048 n=-670 s=378
n p=1048 n=-114 s=934
mid p=1279 n=-231 s=1048 l=-670 r=-114
n p=2940 n=-680 s=2260
n p=2940 n=138 s=3078
mid p=2131 n=809 s=2940 l=-680 r=138
mid p=1279 n=852 s=2131 l=809 r=null
mid p=1681 n=-402 s=1279 l=-231 r=852
mid p=1673 n=8 s=1681 l=581 r=-402
mid p=2256 n=-583 s=1673 l=-357 r=8
n p=1520 n=-577 s=943
n p=1362 n=-998 s=364
n p=1362 n=-192 s=1170
mid p=2271 n=-909 s=1362 l=-998 r=-192
mid p=2519 n=-248 s=2271 l=-909 r=null
n p=2695 n=-351 s=2344
mid p=3243 n=-548 s=2695 l=-351 r=null
mid p=2243 n=1000 s=3243 l=null r=-548
n p=3045 n=430 s=3475
mid p=2243 n=802 s=3045 l=null r=430
mid p=2074 n=169 s=2243 l=1000 r=802
n p=3351 n=90 s=3441
mid p=3018 n=333 s=3351 l=null r=90
n p=3453 n=652 s=4105
mid p=3018 n=435 s=3453 l=null r=652
mid p=2074 n=944 s=3018 l=333 r=435
mid p=2519 n=-445 s=2074 l=169 r=944
mid p=2318 n=201 s=2519 l=-248 r=-445
n p=2938 n=-212 s=2726
n p=2938 n=872 s=3810
mid p=2935 n=3 s=2938 l=-212 r=872
mid p=2657 n=278 s=2935 l=null r=3
n p=3162 n=146 s=3308
n p=3669 n=-613 s=3056
n p=3982 n=158 s=4140
mid p=3669 n=313 s=3982 l=null r=158
mid p=3162 n=507 s=3669 l=-613 r=313
mid p=2538 n=624 s=3162 l=146 r=507
n p=2315 n=-892 s=1423
n p=2817 n=405 s=3222
mid p=2946 n=-129 s=2817 l=null r=405
n p=2946 n=-288 s=2658
mid p=2315 n=631 s=2946 l=-129 r=-288
mid p=3128 n=-813 s=2315 l=-892 r=631
n p=3128 n=404 s=3532
mid p=2619 n=509 s=3128 l=-813 r=404
n p=2619 n=-851 s=1768
mid p=2920 n=-301 s=2619 l=509 r=-851
n p=3483 n=222 s=3705
mid p=3692 n=-209 s=3483 l=null r=222
n p=3692 n=-422 s=3270
mid p=2813 n=879 s=3692 l=-209 r=-422
mid p=3478 n=-665 s=2813 l=879 r=null
n p=4800 n=-943 s=3857
n p=4800 n=-771 s=4029
mid p=4126 n=674 s=4800 l=-943 r=-771
n p=4009 n=-638 s=3371
mid p=3997 n=12 s=4009 l=-638 r=null
mid p=4781 n=-784 s=3997 l=12 r=null
mid p=4126 n=655 s=4781 l=null r=-784
mid p=3478 n=648 s=4126 l=674 r=655
mid p=2750 n=728 s=3478 l=-665 r=648
n p=2409 n=-570 s=1839
mid p=2353 n=56 s=2409 l=-570 r=null
mid p=2370 n=-17 s=2353 l=null r=56
mid p=2750 n=-380 s=2370 l=null r=-17
mid p=2920 n=-170 s=2750 l=728 r=-380
mid p=2538 n=382 s=2920 l=-301 r=-170
mid p=1713 n=825 s=2538 l=624 r=382
n p=1540 n=919 s=2459
n p=1932 n=-934 s=998
mid p=1540 n=392 s=1932 l=null r=-934
mid p=1713 n=-173 s=1540 l=919 r=392
mid p=2657 n=-944 s=1713 l=825 r=-173
mid p=2318 n=339 s=2657 l=278 r=-944
mid p=1641 n=677 s=2318 l=201 r=339
n p=2398 n=11 s=2409
n p=3547 n=547 s=4094
mid p=3476 n=71 s=3547 l=null r=547
mid p=2958 n=518 s=3476 l=null r=71
mid p=3573 n=-615 s=2958 l=518 r=null
n p=2853 n=414 s=3267
mid p=3573 n=-720 s=2853 l=414 r=null
mid p=2914 n=659 s=3573 l=-615 r=-720
n p=3115 n=-783 s=2332
mid p=2792 n=323 s=3115 l=-783 r=null
n p=2792 n=670 s=3462
mid p=2677 n=115 s=2792 l=323 r=670
mid p=2914 n=-237 s=2677 l=null r=115
mid p=2398 n=516 s=2914 l=659 r=-237
mid p=1641 n=757 s=2398 l=11 r=516
mid p=1520 n=121 s=1641 l=677 r=757
mid p=2256 n=-736 s=1520 l=-577 r=121
mid p=1553 n=703 s=2256 l=-583 r=-736
mid p=714 n=839 s=1553 l=246 r=703
n p=1863 n=-260 s=1603
n p=3005 n=443 s=3448
n p=2391 n=792 s=3183
n p=2713 n=-512 s=2201
mid p=2391 n=322 s=2713 l=-512 r=null
mid p=2767 n=-376 s=2391 l=792 r=322
n p=2730 n=-253 s=2477
mid p=2767 n=-37 s=2730 l=-253 r=null
mid p=3005 n=-238 s=2767 l=-376 r=-37
mid p=2539 n=466 s=3005 l=443 r=-238
mid p=2077 n=462 s=2539 l=null r=466
n p=2355 n=-380 s=1975
mid p=2635 n=-280 s=2355 l=null r=-380
mid p=2783 n=-148 s=2635 l=-280 r=null
n p=2829 n=657 s=3486
mid p=1875 n=954 s=2829 l=657 r=null
n p=1875 n=400 s=2275
mid p=2783 n=-908 s=1875 l=954 r=400
mid p=2077 n=706 s=2783 l=-148 r=-908
mid p=1863 n=214 s=2077 l=462 r=706
mid p=1494 n=369 s=1863 l=-260 r=214
n p=2551 n=768 s=3319
mid p=2378 n=173 s=2551 l=768 r=null
n p=2378 n=-304 s=2074
mid p=1594 n=784 s=2378 l=173 r=-304
mid p=1494 n=100 s=1594 l=784 r=null
mid p=764 n=730 s=1494 l=369 r=100
n p=137 n=235 s=372
mid p=-541 n=678 s=137 l=235 r=null
mid p=414 n=-955 s=-541 l=null r=678
mid p=-151 n=565 s=414 l=null r=-955
mid p=-169 n=18 s=-151 l=565 r=null
n p=19 n=400 s=419
n p=729 n=206 s=935
n p=854 n=-404 s=450
mid p=729 n=125 s=854 l=null r=-404
mid p=323 n=406 s=729 l=206 r=125
mid p=-179 n=502 s=323 l=null r=406
mid p=19 n=-198 s=-179 l=502 r=null
mid p=-169 n=188 s=19 l=400 r=-198
mid p=250 n=-419 s=-169 l=18 r=188
mid p=764 n=-514 s=250 l=null r=-419
mid p=1195 n=-431 s=764 l=730 r=-514
n p=1293 n=870 s=2163
mid p=1102 n=191 s=1293 l=870 r=null
n p=712 n=-659 s=53
n p=959 n=-875 s=84
mid p=480 n=479 s=959 l=-875 r=null
mid p=712 n=-232 s=480 l=479 r=null
mid p=1102 n=-390 s=712 l=-659 r=-232
mid p=388 n=714 s=1102 l=191 r=-390
n p=130 n=213 s=343
mid p=559 n=-429 s=130 l=null r=213
n p=600 n=389 s=989
n p=600 n=680 s=1280
mid p=559 n=41 s=600 l=389 r=680
mid p=-426 n=985 s=559 l=-429 r=41
mid p=-596 n=170 s=-426 l=null r=985
n p=386 n=-214 s=172
mid p=-102 n=488 s=386 l=null r=-214
n p=-516 n=603 s=87
mid p=-102 n=-414 s=-516 l=null r=603
mid p=119 n=-221 s=-102 l=488 r=-414
mid p=-596 n=715 s=119 l=null r=-221
mid p=-13 n=-583 s=-596 l=170 r=715
n p=785 n=112 s=897
mid p=1006 n=-221 s=785 l=null r=112
mid p=832 n=174 s=1006 l=null r=-221
mid p=429 n=403 s=832 l=174 r=null
mid p=111 n=318 s=429 l=null r=403
n p=1710 n=106 s=1816
mid p=1032 n=678 s=1710 l=null r=106
mid p=117 n=915 s=1032 l=678 r=null
mid p=111 n=6 s=117 l=915 r=null
mid p=-13 n=124 s=111 l=318 r=6
mid p=388 n=-401 s=-13 l=-583 r=124
mid p=1195 n=-807 s=388 l=714 r=-401
mid p=1866 n=-671 s=1195 l=-431 r=-807
n p=1985 n=649 s=2634
mid p=1230 n=755 s=1985 l=649 r=null
mid p=1223 n=7 s=1230 l=null r=755
n p=2053 n=-320 s=1733
n p=2053 n=-742 s=1311
mid p=1790 n=263 s=2053 l=-320 r=-742
n p=1790 n=-775 s=1015
mid p=1223 n=567 s=1790 l=263 r=-775
mid p=1054 n=169 s=1223 l=7 r=567
n p=571 n=50 s=621
mid p=1316 n=-745 s=571 l=null r=50
n p=285 n=657 s=942
mid p=894 n=-609 s=285 l=657 r=null
n p=1603 n=796 s=2399
n p=1116 n=210 s=1326
mid p=2032 n=-916 s=1116 l=null r=210
mid p=1280 n=752 s=2032 l=-916 r=null
mid p=1603 n=-323 s=1280 l=null r=752
mid p=840 n=763 s=1603 l=796 r=-323
mid p=894 n=-54 s=840 l=763 r=null
mid p=1316 n=-422 s=894 l=-609 r=-54
mid p=1054 n=262 s=1316 l=-745 r=-422
mid p=1866 n=-812 s=1054 l=169 r=262
mid p=1263 n=603 s=1866 l=-671 r=-812
n p=202 n=844 s=1046
mid p=482 n=-280 s=202 l=null r=844
n p=482 n=278 s=760
mid p=801 n=-319 s=482 l=-280 r=278
n p=1380 n=163 s=1543
n p=1380 n=93 s=1473
mid p=801 n=579 s=1380 l=163 r=93
mid p=730 n=71 s=801 l=-319 r=579
mid p=1604 n=-874 s=730 l=71 r=null
n p=645 n=-101 s=544
mid p=894 n=-249 s=645 l=null r=-101
mid p=657 n=237 s=894 l=-249 r=null
mid p=83 n=574 s=657 l=null r=237
n p=83 n=498 s=581
mid p=936 n=-853 s=83 l=574 r=498
n p=1703 n=-184 s=1519
n p=1703 n=-273 s=1430
mid p=783 n=920 s=1703 l=-184 r=-273
mid p=936 n=-153 s=783 l=null r=920
mid p=1772 n=-836 s=936 l=-853 r=-153
n p=1177 n=-904 s=273
n p=1095 n=402 s=1497
n p=794 n=-553 s=241
mid p=1095 n=-301 s=794 l=-553 r=null
mid p=1177 n=-82 s=1095 l=402 r=-301
mid p=1952 n=-775 s=1177 l=-904 r=-82
n p=2466 n=-427 s=2039
mid p=1952 n=514 s=2466 l=-427 r=null
mid p=1772 n=180 s=1952 l=-775 r=514
mid p=1604 n=168 s=1772 l=-836 r=180
mid p=1989 n=-385 s=1604 l=-874 r=168
n p=1989 n=705 s=2694
mid p=1263 n=726 s=1989 l=-385 r=705
mid p=1681 n=-418 s=1263 l=603 r=726
n p=-243 n=739 s=496
mid p=546 n=-789 s=-243 l=null r=739
mid p=-307 n=853 s=546 l=-789 r=null
n p=825 n=893 s=1718
mid p=257 n=568 s=825 l=893 r=null
mid p=-352 n=609 s=257 l=568 r=null
mid p=-307 n=-45 s=-352 l=null r=609
mid p=216 n=-523 s=-307 l=853 r=-45
n p=3253 n=-189 s=3064
n p=3083 n=-906 s=2177
mid p=3253 n=-170 s=3083 l=null r=-906
mid p=2576 n=677 s=3253 l=-189 r=-170
mid p=2447 n=129 s=2576 l=677 r=null
n p=2153 n=385 s=2538
n p=1212 n=-921 s=291
n p=2000 n=-951 s=1049
n p=2000 n=-750 s=1250
mid p=1828 n=172 s=2000 l=-951 r=-750
n p=2269 n=799 s=3068
mid p=1828 n=441 s=2269 l=799 r=null
mid p=1212 n=616 s=1828 l=172 r=441
mid p=2153 n=-941 s=1212 l=-921 r=616
mid p=1659 n=494 s=2153 l=385 r=-941
mid p=2447 n=-788 s=1659 l=494 r=null
mid p=1484 n=963 s=2447 l=129 r=-788
n p=3065 n=-878 s=2187
mid p=2358 n=707 s=3065 l=null r=-878
n p=1122 n=757 s=1879
mid p=1511 n=-389 s=1122 l=757 r=null
n p=2042 n=-850 s=1192
n p=1753 n=-285 s=1468
mid p=2042 n=-289 s=1753 l=-285 r=null
mid p=1511 n=531 s=2042 l=-850 r=-289
mid p=2358 n=-847 s=1511 l=-389 r=531
mid p=2122 n=236 s=2358 l=707 r=-847
n p=3212 n=12 s=3224
mid p=2224 n=988 s=3212 l=null r=12
n p=2224 n=435 s=2659
mid p=1708 n=516 s=2224 l=988 r=435
n p=1708 n=-512 s=1196
mid p=2122 n=-414 s=1708 l=516 r=-512
mid p=1484 n=638 s=2122 l=236 r=-414
mid p=595 n=889 s=1484 l=963 r=638
mid p=-195 n=790 s=595 l=889 r=null
n p=1832 n=567 s=2399
mid p=949 n=883 s=1832 l=567 r=null
mid p=86 n=863 s=949 l=null r=883
n p=1149 n=-452 s=697
mid p=375 n=774 s=1149 l=null r=-452
mid p=-389 n=764 s=375 l=774 r=null
mid p=86 n=-475 s=-389 l=null r=764
mid p=-248 n=334 s=86 l=863 r=-475
mid p=-195 n=-53 s=-248 l=334 r=null
mid p=216 n=-411 s=-195 l=790 r=-53
mid p=617 n=-401 s=216 l=-523 r=-411
n p=-281 n=581 s=300
mid p=292 n=-573 s=-281 l=581 r=null
mid p=368 n=-76 s=292 l=null r=-573
n p=634 n=-520 s=114
n p=977 n=-561 s=416
mid p=634 n=343 s=977 l=-561 r=null
mid p=826 n=-192 s=634 l=-520 r=343
n p=1062 n=-543 s=519
mid p=826 n=236 s=1062 l=-543 r=null
mid p=285 n=541 s=826 l=-192 r=236
mid p=368 n=-83 s=285 l=541 r=null
mid p=971 n=-603 s=368 l=-76 r=-83
n p=1174 n=-686 s=488
mid p=971 n=203 s=1174 l=null r=-686
mid p=576 n=395 s=971 l=-603 r=203
n p=1437 n=991 s=2428
mid p=576 n=861 s=1437 l=null r=991
mid p=824 n=-248 s=576 l=395 r=861
n p=1612 n=-818 s=794
mid p=824 n=788 s=1612 l=null r=-818
mid p=617 n=207 s=824 l=-248 r=788
mid p=1502 n=-885 s=617 l=-401 r=207
n p=1855 n=-235 s=1620
n p=1832 n=-400 s=1432
n p=1763 n=23 s=1786
mid p=2155 n=-392 s=1763 l=null r=23
mid p=1832 n=323 s=2155 l=null r=-392
mid p=1855 n=-23 s=1832 l=-400 r=323
mid p=1502 n=353 s=1855 l=-235 r=-23
mid p=2136 n=-634 s=1502 l=-885 r=353
n p=3483 n=578 s=4061
n p=2197 n=-856 s=1341
mid p=2594 n=-397 s=2197 l=null r=-856
n p=2526 n=817 s=3343
mid p=2594 n=-68 s=2526 l=817 r=null
mid p=3483 n=-889 s=2594 l=-397 r=-68
mid p=2760 n=723 s=3483 l=578 r=-889
mid p=3240 n=-480 s=2760 l=null r=723
n p=3126 n=-107 s=3019
n p=3126 n=345 s=3471
mid p=2703 n=423 s=3126 l=-107 r=345
n p=3518 n=556 s=4074
mid p=2703 n=815 s=3518 l=null r=556
mid p=3240 n=-537 s=2703 l=423 r=815
mid p=2987 n=253 s=3240 l=-480 r=-537
mid p=2072 n=915 s=2987 l=253 r=null
n p=2009 n=204 s=2213
n p=1257 n=-661 s=596
n p=1257 n=-645 s=612
mid p=2009 n=-752 s=1257 l=-661 r=-645
mid p=2298 n=-289 s=2009 l=204 r=-752
mid p=1436 n=862 s=2298 l=-289 r=null
mid p=2072 n=-636 s=1436 l=862 r=null
mid p=2450 n=-378 s=2072 l=915 r=-636
n p=1326 n=375 s=1701
mid p=2265 n=-939 s=1326 l=375 r=null
n p=1118 n=745 s=1863
mid p=121 n=997 s=1118 l=null r=745
n p=-66 n=225 s=159
mid p=-311 n=245 s=-66 l=null r=225
n p=-311 n=651 s=340
mid p=121 n=-432 s=-311 l=245 r=651
mid p=-60 n=181 s=121 l=997 r=-432
mid p=872 n=-932 s=-60 l=181 r=null
mid p=1715 n=-843 s=872 l=-932 r=null
n p=1177 n=97 s=1274
n p=1177 n=-526 s=651
mid p=1715 n=-538 s=1177 l=97 r=-526
mid p=2265 n=-550 s=1715 l=-843 r=-538
mid p=2450 n=-185 s=2265 l=-939 r=-550
mid p=2520 n=-70 s=2450 l=-378 r=-185
n p=2212 n=-984 s=1228
mid p=2272 n=-60 s=2212 l=-984 r=null
mid p=1735 n=537 s=2272 l=-60 r=null
n p=1735 n=-950 s=785
mid p=2152 n=-417 s=1735 l=537 r=-950
n p=1941 n=149 s=2090
n p=1941 n=-419 s=1522
mid p=2152 n=-211 s=1941 l=149 r=-419
mid p=2488 n=-336 s=2152 l=-417 r=-211
n p=4601 n=840 s=5441
mid p=3798 n=803 s=4601 l=null r=840
mid p=2988 n=810 s=3798 l=null r=803
mid p=2488 n=500 s=2988 l=810 r=null
mid p=2562 n=-74 s=2488 l=-336 r=500
n p=1182 n=-898 s=284
mid p=1097 n=85 s=1182 l=-898 r=null
n p=1097 n=92 s=1189
mid p=1698 n=-601 s=1097 l=85 r=92
n p=1698 n=36 s=1734
mid p=2562 n=-864 s=1698 l=-601 r=36
mid p=2520 n=42 s=2562 l=-74 r=-864
mid p=2136 n=384 s=2520 l=-70 r=42
mid p=1681 n=455 s=2136 l=-634 r=384
mid p=714 n=967 s=1681 l=-418 r=455
mid p=0 n=714 s=714 l=839 r=967
